This file contains any messages produced by compilers while
running configure, to aid debugging if configure makes a mistake.

It was created by configure, which was
generated by GNU Autoconf 2.63.  Invocation command line was

  $ ./configure 

## --------- ##
## Platform. ##
## --------- ##

hostname = agregas
uname -m = x86_64
uname -r = 4.9.0-4-amd64
uname -s = Linux
uname -v = #1 SMP Debian 4.9.65-3+deb9u1 (2017-12-23)

/usr/bin/uname -p = unknown
/bin/uname -X     = unknown

/bin/arch              = unknown
/usr/bin/arch -k       = unknown
/usr/convex/getsysinfo = unknown
/usr/bin/hostinfo      = unknown
/bin/machine           = unknown
/usr/bin/oslevel       = unknown
/bin/universe          = unknown

PATH: /usr/local/sbin
PATH: /usr/local/bin
PATH: /usr/sbin
PATH: /usr/bin
PATH: /sbin
PATH: /bin


## ----------- ##
## Core tests. ##
## ----------- ##

configure:2066: checking for a BSD-compatible install
configure:2134: result: /usr/bin/install -c
configure:2145: checking whether build environment is sane
configure:2188: result: yes
configure:2210: WARNING: `missing' script is too old or missing
configure:2218: checking for gawk
configure:2248: result: no
configure:2218: checking for mawk
configure:2234: found /usr/bin/mawk
configure:2245: result: mawk
configure:2256: checking whether make sets $(MAKE)
configure:2278: result: yes
configure:2504: checking for gcc
configure:2520: found /usr/bin/gcc
configure:2531: result: gcc
configure:2763: checking for C compiler version
configure:2771: gcc --version >&5
gcc (Debian 6.3.0-18+deb9u1) 6.3.0 20170516
Copyright (C) 2016 Free Software Foundation, Inc.
This is free software; see the source for copying conditions.  There is NO
warranty; not even for MERCHANTABILITY or FITNESS FOR A PARTICULAR PURPOSE.

configure:2775: $? = 0
configure:2782: gcc -v >&5
Using built-in specs.
COLLECT_GCC=gcc
COLLECT_LTO_WRAPPER=/usr/lib/gcc/x86_64-linux-gnu/6/lto-wrapper
Target: x86_64-linux-gnu
Configured with: ../src/configure -v --with-pkgversion='Debian 6.3.0-18+deb9u1' --with-bugurl=file:///usr/share/doc/gcc-6/README.Bugs --enable-languages=c,ada,c++,java,go,d,fortran,objc,obj-c++ --prefix=/usr --program-suffix=-6 --program-prefix=x86_64-linux-gnu- --enable-shared --enable-linker-build-id --libexecdir=/usr/lib --without-included-gettext --enable-threads=posix --libdir=/usr/lib --enable-nls --with-sysroot=/ --enable-clocale=gnu --enable-libstdcxx-debug --enable-libstdcxx-time=yes --with-default-libstdcxx-abi=new --enable-gnu-unique-object --disable-vtable-verify --enable-libmpx --enable-plugin --enable-default-pie --with-system-zlib --disable-browser-plugin --enable-java-awt=gtk --enable-gtk-cairo --with-java-home=/usr/lib/jvm/java-1.5.0-gcj-6-amd64/jre --enable-java-home --with-jvm-root-dir=/usr/lib/jvm/java-1.5.0-gcj-6-amd64 --with-jvm-jar-dir=/usr/lib/jvm-exports/java-1.5.0-gcj-6-amd64 --with-arch-directory=amd64 --with-ecj-jar=/usr/share/java/eclipse-ecj.jar --with-target-system-zlib --enable-objc-gc=auto --enable-multiarch --with-arch-32=i686 --with-abi=m64 --with-multilib-list=m32,m64,mx32 --enable-multilib --with-tune=generic --enable-checking=release --build=x86_64-linux-gnu --host=x86_64-linux-gnu --target=x86_64-linux-gnu
Thread model: posix
gcc version 6.3.0 20170516 (Debian 6.3.0-18+deb9u1) 
configure:2786: $? = 0
configure:2793: gcc -V >&5
gcc: error: unrecognized command line option '-V'
gcc: fatal error: no input files
compilation terminated.
configure:2797: $? = 1
configure:2820: checking for C compiler default output file name
configure:2842: gcc    conftest.c  >&5
configure:2846: $? = 0
configure:2884: result: a.out
configure:2903: checking whether the C compiler works
configure:2913: ./a.out
configure:2917: $? = 0
configure:2936: result: yes
configure:2943: checking whether we are cross compiling
configure:2945: result: no
configure:2948: checking for suffix of executables
configure:2955: gcc -o conftest    conftest.c  >&5
configure:2959: $? = 0
configure:2985: result: 
configure:2991: checking for suffix of object files
configure:3017: gcc -c   conftest.c >&5
configure:3021: $? = 0
configure:3046: result: o
configure:3050: checking whether we are using the GNU C compiler
configure:3079: gcc -c   conftest.c >&5
configure:3086: $? = 0
configure:3103: result: yes
configure:3112: checking whether gcc accepts -g
configure:3142: gcc -c -g  conftest.c >&5
configure:3149: $? = 0
configure:3250: result: yes
configure:3267: checking for gcc option to accept ISO C89
configure:3341: gcc  -c -g -O2  conftest.c >&5
configure:3348: $? = 0
configure:3371: result: none needed
configure:3400: checking for style of include used by make
configure:3428: result: GNU
configure:3456: checking dependency style of gcc
configure:3539: result: gcc3
configure:3570: checking for a BSD-compatible install
configure:3638: result: /usr/bin/install -c
configure:3727: checking build system type
configure:3745: result: x86_64-unknown-linux-gnu
configure:3767: checking host system type
configure:3782: result: x86_64-unknown-linux-gnu
configure:3804: checking for a sed that does not truncate output
configure:3860: result: /bin/sed
configure:3863: checking for grep that handles long lines and -e
configure:3923: result: /bin/grep
configure:3928: checking for egrep
configure:3992: result: /bin/grep -E
configure:4008: checking for ld used by gcc
configure:4075: result: /usr/bin/ld
configure:4084: checking if the linker (/usr/bin/ld) is GNU ld
configure:4099: result: yes
configure:4104: checking for /usr/bin/ld option to reload object files
configure:4111: result: -r
configure:4129: checking for BSD-compatible nm
configure:4178: result: /usr/bin/nm -B
configure:4182: checking whether ln -s works
configure:4186: result: yes
configure:4193: checking how to recognize dependent libraries
configure:4379: result: pass_all
configure:4468: gcc -c -g -O2  conftest.c >&5
configure:4471: $? = 0
configure:4628: checking how to run the C preprocessor
configure:4668: gcc -E  conftest.c
configure:4675: $? = 0
configure:4706: gcc -E  conftest.c
conftest.c:10:28: fatal error: ac_nonexistent.h: No such file or directory
 #include <ac_nonexistent.h>
                            ^
compilation terminated.
configure:4713: $? = 1
configure: failed program was:
| /* confdefs.h.  */
| #define PACKAGE_NAME ""
| #define PACKAGE_TARNAME ""
| #define PACKAGE_VERSION ""
| #define PACKAGE_STRING ""
| #define PACKAGE_BUGREPORT ""
| #define PACKAGE "adtool"
| #define VERSION "1.3.3"
| /* end confdefs.h.  */
| #include <ac_nonexistent.h>
configure:4746: result: gcc -E
configure:4775: gcc -E  conftest.c
configure:4782: $? = 0
configure:4813: gcc -E  conftest.c
conftest.c:10:28: fatal error: ac_nonexistent.h: No such file or directory
 #include <ac_nonexistent.h>
                            ^
compilation terminated.
configure:4820: $? = 1
configure: failed program was:
| /* confdefs.h.  */
| #define PACKAGE_NAME ""
| #define PACKAGE_TARNAME ""
| #define PACKAGE_VERSION ""
| #define PACKAGE_STRING ""
| #define PACKAGE_BUGREPORT ""
| #define PACKAGE "adtool"
| #define VERSION "1.3.3"
| /* end confdefs.h.  */
| #include <ac_nonexistent.h>
configure:4860: checking for ANSI C header files
configure:4890: gcc -c -g -O2  conftest.c >&5
configure:4897: $? = 0
configure:4996: gcc -o conftest -g -O2   conftest.c  >&5
configure:5000: $? = 0
configure:5006: ./conftest
configure:5010: $? = 0
configure:5028: result: yes
configure:5052: checking for sys/types.h
configure:5073: gcc -c -g -O2  conftest.c >&5
configure:5080: $? = 0
configure:5097: result: yes
configure:5052: checking for sys/stat.h
configure:5073: gcc -c -g -O2  conftest.c >&5
configure:5080: $? = 0
configure:5097: result: yes
configure:5052: checking for stdlib.h
configure:5073: gcc -c -g -O2  conftest.c >&5
configure:5080: $? = 0
configure:5097: result: yes
configure:5052: checking for string.h
configure:5073: gcc -c -g -O2  conftest.c >&5
configure:5080: $? = 0
configure:5097: result: yes
configure:5052: checking for memory.h
configure:5073: gcc -c -g -O2  conftest.c >&5
configure:5080: $? = 0
configure:5097: result: yes
configure:5052: checking for strings.h
configure:5073: gcc -c -g -O2  conftest.c >&5
configure:5080: $? = 0
configure:5097: result: yes
configure:5052: checking for inttypes.h
configure:5073: gcc -c -g -O2  conftest.c >&5
configure:5080: $? = 0
configure:5097: result: yes
configure:5052: checking for stdint.h
configure:5073: gcc -c -g -O2  conftest.c >&5
configure:5080: $? = 0
configure:5097: result: yes
configure:5052: checking for unistd.h
configure:5073: gcc -c -g -O2  conftest.c >&5
configure:5080: $? = 0
configure:5097: result: yes
configure:5127: checking dlfcn.h usability
configure:5144: gcc -c -g -O2  conftest.c >&5
configure:5151: $? = 0
configure:5165: result: yes
configure:5169: checking dlfcn.h presence
configure:5184: gcc -E  conftest.c
configure:5191: $? = 0
configure:5205: result: yes
configure:5233: checking for dlfcn.h
configure:5242: result: yes
configure:5315: checking for g++
configure:5331: found /usr/bin/g++
configure:5342: result: g++
configure:5369: checking for C++ compiler version
configure:5377: g++ --version >&5
g++ (Debian 6.3.0-18+deb9u1) 6.3.0 20170516
Copyright (C) 2016 Free Software Foundation, Inc.
This is free software; see the source for copying conditions.  There is NO
warranty; not even for MERCHANTABILITY or FITNESS FOR A PARTICULAR PURPOSE.

configure:5381: $? = 0
configure:5388: g++ -v >&5
Using built-in specs.
COLLECT_GCC=g++
COLLECT_LTO_WRAPPER=/usr/lib/gcc/x86_64-linux-gnu/6/lto-wrapper
Target: x86_64-linux-gnu
Configured with: ../src/configure -v --with-pkgversion='Debian 6.3.0-18+deb9u1' --with-bugurl=file:///usr/share/doc/gcc-6/README.Bugs --enable-languages=c,ada,c++,java,go,d,fortran,objc,obj-c++ --prefix=/usr --program-suffix=-6 --program-prefix=x86_64-linux-gnu- --enable-shared --enable-linker-build-id --libexecdir=/usr/lib --without-included-gettext --enable-threads=posix --libdir=/usr/lib --enable-nls --with-sysroot=/ --enable-clocale=gnu --enable-libstdcxx-debug --enable-libstdcxx-time=yes --with-default-libstdcxx-abi=new --enable-gnu-unique-object --disable-vtable-verify --enable-libmpx --enable-plugin --enable-default-pie --with-system-zlib --disable-browser-plugin --enable-java-awt=gtk --enable-gtk-cairo --with-java-home=/usr/lib/jvm/java-1.5.0-gcj-6-amd64/jre --enable-java-home --with-jvm-root-dir=/usr/lib/jvm/java-1.5.0-gcj-6-amd64 --with-jvm-jar-dir=/usr/lib/jvm-exports/java-1.5.0-gcj-6-amd64 --with-arch-directory=amd64 --with-ecj-jar=/usr/share/java/eclipse-ecj.jar --with-target-system-zlib --enable-objc-gc=auto --enable-multiarch --with-arch-32=i686 --with-abi=m64 --with-multilib-list=m32,m64,mx32 --enable-multilib --with-tune=generic --enable-checking=release --build=x86_64-linux-gnu --host=x86_64-linux-gnu --target=x86_64-linux-gnu
Thread model: posix
gcc version 6.3.0 20170516 (Debian 6.3.0-18+deb9u1) 
configure:5392: $? = 0
configure:5399: g++ -V >&5
g++: error: unrecognized command line option '-V'
g++: fatal error: no input files
compilation terminated.
configure:5403: $? = 1
configure:5406: checking whether we are using the GNU C++ compiler
configure:5435: g++ -c   conftest.cpp >&5
configure:5442: $? = 0
configure:5459: result: yes
configure:5468: checking whether g++ accepts -g
configure:5498: g++ -c -g  conftest.cpp >&5
configure:5505: $? = 0
configure:5606: result: yes
configure:5631: checking dependency style of g++
configure:5714: result: gcc3
configure:5741: checking how to run the C++ preprocessor
configure:5777: g++ -E  conftest.cpp
configure:5784: $? = 0
configure:5815: g++ -E  conftest.cpp
conftest.cpp:21:28: fatal error: ac_nonexistent.h: No such file or directory
 #include <ac_nonexistent.h>
                            ^
compilation terminated.
configure:5822: $? = 1
configure: failed program was:
| /* confdefs.h.  */
| #define PACKAGE_NAME ""
| #define PACKAGE_TARNAME ""
| #define PACKAGE_VERSION ""
| #define PACKAGE_STRING ""
| #define PACKAGE_BUGREPORT ""
| #define PACKAGE "adtool"
| #define VERSION "1.3.3"
| #define STDC_HEADERS 1
| #define HAVE_SYS_TYPES_H 1
| #define HAVE_SYS_STAT_H 1
| #define HAVE_STDLIB_H 1
| #define HAVE_STRING_H 1
| #define HAVE_MEMORY_H 1
| #define HAVE_STRINGS_H 1
| #define HAVE_INTTYPES_H 1
| #define HAVE_STDINT_H 1
| #define HAVE_UNISTD_H 1
| #define HAVE_DLFCN_H 1
| /* end confdefs.h.  */
| #include <ac_nonexistent.h>
configure:5855: result: g++ -E
configure:5884: g++ -E  conftest.cpp
configure:5891: $? = 0
configure:5922: g++ -E  conftest.cpp
conftest.cpp:21:28: fatal error: ac_nonexistent.h: No such file or directory
 #include <ac_nonexistent.h>
                            ^
compilation terminated.
configure:5929: $? = 1
configure: failed program was:
| /* confdefs.h.  */
| #define PACKAGE_NAME ""
| #define PACKAGE_TARNAME ""
| #define PACKAGE_VERSION ""
| #define PACKAGE_STRING ""
| #define PACKAGE_BUGREPORT ""
| #define PACKAGE "adtool"
| #define VERSION "1.3.3"
| #define STDC_HEADERS 1
| #define HAVE_SYS_TYPES_H 1
| #define HAVE_SYS_STAT_H 1
| #define HAVE_STDLIB_H 1
| #define HAVE_STRING_H 1
| #define HAVE_MEMORY_H 1
| #define HAVE_STRINGS_H 1
| #define HAVE_INTTYPES_H 1
| #define HAVE_STDINT_H 1
| #define HAVE_UNISTD_H 1
| #define HAVE_DLFCN_H 1
| /* end confdefs.h.  */
| #include <ac_nonexistent.h>
configure:6024: checking for g77
configure:6054: result: no
configure:6024: checking for xlf
configure:6054: result: no
configure:6024: checking for f77
configure:6054: result: no
configure:6024: checking for frt
configure:6054: result: no
configure:6024: checking for pgf77
configure:6054: result: no
configure:6024: checking for cf77
configure:6054: result: no
configure:6024: checking for fort77
configure:6054: result: no
configure:6024: checking for fl32
configure:6054: result: no
configure:6024: checking for af77
configure:6054: result: no
configure:6024: checking for xlf90
configure:6054: result: no
configure:6024: checking for f90
configure:6054: result: no
configure:6024: checking for pgf90
configure:6054: result: no
configure:6024: checking for pghpf
configure:6054: result: no
configure:6024: checking for epcf90
configure:6054: result: no
configure:6024: checking for gfortran
configure:6054: result: no
configure:6024: checking for g95
configure:6054: result: no
configure:6024: checking for xlf95
configure:6054: result: no
configure:6024: checking for f95
configure:6054: result: no
configure:6024: checking for fort
configure:6054: result: no
configure:6024: checking for ifort
configure:6054: result: no
configure:6024: checking for ifc
configure:6054: result: no
configure:6024: checking for efc
configure:6054: result: no
configure:6024: checking for pgf95
configure:6054: result: no
configure:6024: checking for lf95
configure:6054: result: no
configure:6024: checking for ftn
configure:6054: result: no
configure:6077: checking for Fortran 77 compiler version
configure:6085:  --version >&5
./configure: line 6087: --version: command not found
configure:6089: $? = 127
configure:6096:  -v >&5
./configure: line 6098: -v: command not found
configure:6100: $? = 127
configure:6107:  -V >&5
./configure: line 6109: -V: command not found
configure:6111: $? = 127
configure:6119: checking whether we are using the GNU Fortran 77 compiler
configure:6138:  -c  conftest.F >&5
./configure: line 6140: -c: command not found
configure:6145: $? = 127
configure: failed program was:
|       program main
| #ifndef __GNUC__
|        choke me
| #endif
| 
|       end
configure:6162: result: no
configure:6168: checking whether  accepts -g
configure:6185:  -c -g conftest.f >&5
./configure: line 6187: -c: command not found
configure:6192: $? = 127
configure: failed program was:
|       program main
| 
|       end
configure:6208: result: no
configure:6241: checking the maximum length of command line arguments
configure:6353: result: 1572864
configure:6365: checking command to parse /usr/bin/nm -B output from gcc object
configure:6470: gcc -c -g -O2  conftest.c >&5
configure:6473: $? = 0
configure:6477: /usr/bin/nm -B conftest.o \| sed -n -e 's/^.*[ 	]\([ABCDGIRSTW][ABCDGIRSTW]*\)[ 	][ 	]*\([_A-Za-z][_A-Za-z0-9]*\)$/\1 \2 \2/p' \> conftest.nm
configure:6480: $? = 0
configure:6532: gcc -o conftest -g -O2   conftest.c conftstm.o >&5
configure:6535: $? = 0
configure:6573: result: ok
configure:6577: checking for objdir
configure:6592: result: .libs
configure:6684: checking for ar
configure:6700: found /usr/bin/ar
configure:6711: result: ar
configure:6776: checking for ranlib
configure:6792: found /usr/bin/ranlib
configure:6803: result: ranlib
configure:6868: checking for strip
configure:6884: found /usr/bin/strip
configure:6895: result: strip
configure:7436: checking for correct ltmain.sh version
configure:7486: result: yes
configure:7546: checking if gcc supports -fno-rtti -fno-exceptions
configure:7564: gcc -c -g -O2  -fno-rtti -fno-exceptions conftest.c >&5
cc1: warning: command line option '-fno-rtti' is valid for C++/ObjC++ but not for C
configure:7568: $? = 0
configure:7581: result: no
configure:7596: checking for gcc option to produce PIC
configure:7828: result: -fPIC
configure:7836: checking if gcc PIC flag -fPIC works
configure:7854: gcc -c -g -O2  -fPIC -DPIC conftest.c >&5
configure:7858: $? = 0
configure:7871: result: yes
configure:7899: checking if gcc static flag -static works
configure:7927: result: yes
configure:7937: checking if gcc supports -c -o file.o
configure:7958: gcc -c -g -O2  -o out/conftest2.o conftest.c >&5
configure:7962: $? = 0
configure:7984: result: yes
configure:8010: checking whether the gcc linker (/usr/bin/ld -m elf_x86_64) supports shared libraries
configure:8998: result: yes
configure:9019: checking whether -lc should be explicitly linked in
configure:9024: gcc -c -g -O2  conftest.c >&5
configure:9027: $? = 0
configure:9042: gcc -shared conftest.o  -v -Wl,-soname -Wl,conftest -o conftest 2\>\&1 \| grep  -lc  \>/dev/null 2\>\&1
configure:9045: $? = 0
configure:9057: result: no
configure:9065: checking dynamic linker characteristics
configure:9680: result: GNU/Linux ld.so
configure:9704: checking how to hardcode library paths into programs
configure:9729: result: immediate
configure:9743: checking whether stripping libraries is possible
configure:9748: result: yes
configure:10578: checking if libtool supports shared libraries
configure:10580: result: yes
configure:10583: checking whether to build shared libraries
configure:10604: result: yes
configure:10607: checking whether to build static libraries
configure:10611: result: yes
configure:10705: creating libtool
configure:11298: checking for ld used by g++
configure:11365: result: /usr/bin/ld -m elf_x86_64
configure:11374: checking if the linker (/usr/bin/ld -m elf_x86_64) is GNU ld
configure:11389: result: yes
configure:11440: checking whether the g++ linker (/usr/bin/ld -m elf_x86_64) supports shared libraries
configure:12394: result: yes
configure:12411: g++ -c -g -O2  conftest.cpp >&5
configure:12414: $? = 0
configure:12570: checking for g++ option to produce PIC
configure:12854: result: -fPIC
configure:12862: checking if g++ PIC flag -fPIC works
configure:12880: g++ -c -g -O2  -fPIC -DPIC conftest.cpp >&5
configure:12884: $? = 0
configure:12897: result: yes
configure:12925: checking if g++ static flag -static works
configure:12953: result: yes
configure:12963: checking if g++ supports -c -o file.o
configure:12984: g++ -c -g -O2  -o out/conftest2.o conftest.cpp >&5
configure:12988: $? = 0
configure:13010: result: yes
configure:13036: checking whether the g++ linker (/usr/bin/ld -m elf_x86_64) supports shared libraries
configure:13062: result: yes
configure:13129: checking dynamic linker characteristics
configure:13692: result: GNU/Linux ld.so
configure:13716: checking how to hardcode library paths into programs
configure:13741: result: immediate
configure:20040: checking fcntl.h usability
configure:20057: gcc -c -g -O2  conftest.c >&5
configure:20064: $? = 0
configure:20078: result: yes
configure:20082: checking fcntl.h presence
configure:20097: gcc -E  conftest.c
configure:20104: $? = 0
configure:20118: result: yes
configure:20146: checking for fcntl.h
configure:20155: result: yes
configure:20029: checking for stdlib.h
configure:20036: result: yes
configure:20029: checking for string.h
configure:20036: result: yes
configure:20179: checking for stdlib.h
configure:20186: result: yes
configure:20320: checking for GNU libc compatible malloc
configure:20354: gcc -o conftest -g -O2   conftest.c  >&5
configure:20358: $? = 0
configure:20364: ./conftest
configure:20368: $? = 0
configure:20385: result: yes
configure:20418: checking for memset
configure:20474: gcc -o conftest -g -O2   conftest.c  >&5
conftest.c:49:6: warning: conflicting types for built-in function 'memset'
 char memset ();
      ^~~~~~
configure:20481: $? = 0
configure:20503: result: yes
configure:20418: checking for strdup
configure:20474: gcc -o conftest -g -O2   conftest.c  >&5
conftest.c:50:6: warning: conflicting types for built-in function 'strdup'
 char strdup ();
      ^~~~~~
configure:20481: $? = 0
configure:20503: result: yes
configure:20680: creating ./config.status

## ---------------------- ##
## Running config.status. ##
## ---------------------- ##

This file was extended by config.status, which was
generated by GNU Autoconf 2.63.  Invocation command line was

  CONFIG_FILES    = 
  CONFIG_HEADERS  = 
  CONFIG_LINKS    = 
  CONFIG_COMMANDS = 
  $ ./config.status 

on agregas

config.status:722: creating config.h
config.status:722: creating Makefile
config.status:722: creating src/Makefile
config.status:722: creating src/lib/Makefile
config.status:722: creating src/tools/Makefile
config.status:722: creating src/etc/Makefile
config.status:722: creating doc/Makefile
config.status:722: creating doc/man/Makefile
config.status:722: creating doc/man/man1/Makefile
config.status:722: creating doc/html/Makefile
config.status:722: creating tests/Makefile
config.status:927: executing depfiles commands

## ---------------- ##
## Cache variables. ##
## ---------------- ##

ac_cv_build=x86_64-unknown-linux-gnu
ac_cv_c_compiler_gnu=yes
ac_cv_cxx_compiler_gnu=yes
ac_cv_env_CCC_set=
ac_cv_env_CCC_value=
ac_cv_env_CC_set=
ac_cv_env_CC_value=
ac_cv_env_CFLAGS_set=
ac_cv_env_CFLAGS_value=
ac_cv_env_CPPFLAGS_set=
ac_cv_env_CPPFLAGS_value=
ac_cv_env_CPP_set=
ac_cv_env_CPP_value=
ac_cv_env_CXXCPP_set=
ac_cv_env_CXXCPP_value=
ac_cv_env_CXXFLAGS_set=
ac_cv_env_CXXFLAGS_value=
ac_cv_env_CXX_set=
ac_cv_env_CXX_value=
ac_cv_env_F77_set=
ac_cv_env_F77_value=
ac_cv_env_FFLAGS_set=
ac_cv_env_FFLAGS_value=
ac_cv_env_LDFLAGS_set=
ac_cv_env_LDFLAGS_value=
ac_cv_env_LIBS_set=
ac_cv_env_LIBS_value=
ac_cv_env_build_alias_set=
ac_cv_env_build_alias_value=
ac_cv_env_host_alias_set=
ac_cv_env_host_alias_value=
ac_cv_env_target_alias_set=
ac_cv_env_target_alias_value=
ac_cv_f77_compiler_gnu=no
ac_cv_func_malloc_0_nonnull=yes
ac_cv_func_memset=yes
ac_cv_func_strdup=yes
ac_cv_header_dlfcn_h=yes
ac_cv_header_fcntl_h=yes
ac_cv_header_inttypes_h=yes
ac_cv_header_memory_h=yes
ac_cv_header_stdc=yes
ac_cv_header_stdint_h=yes
ac_cv_header_stdlib_h=yes
ac_cv_header_string_h=yes
ac_cv_header_strings_h=yes
ac_cv_header_sys_stat_h=yes
ac_cv_header_sys_types_h=yes
ac_cv_header_unistd_h=yes
ac_cv_host=x86_64-unknown-linux-gnu
ac_cv_objext=o
ac_cv_path_EGREP='/bin/grep -E'
ac_cv_path_GREP=/bin/grep
ac_cv_path_install='/usr/bin/install -c'
ac_cv_prog_AWK=mawk
ac_cv_prog_CPP='gcc -E'
ac_cv_prog_CXXCPP='g++ -E'
ac_cv_prog_ac_ct_AR=ar
ac_cv_prog_ac_ct_CC=gcc
ac_cv_prog_ac_ct_CXX=g++
ac_cv_prog_ac_ct_RANLIB=ranlib
ac_cv_prog_ac_ct_STRIP=strip
ac_cv_prog_cc_c89=
ac_cv_prog_cc_g=yes
ac_cv_prog_cxx_g=yes
ac_cv_prog_f77_g=no
ac_cv_prog_make_make_set=yes
am_cv_CC_dependencies_compiler_type=gcc3
am_cv_CXX_dependencies_compiler_type=gcc3
lt_cv_deplibs_check_method=pass_all
lt_cv_file_magic_cmd='$MAGIC_CMD'
lt_cv_file_magic_test_file=
lt_cv_ld_reload_flag=-r
lt_cv_objdir=.libs
lt_cv_path_LD=/usr/bin/ld
lt_cv_path_LDCXX='/usr/bin/ld -m elf_x86_64'
lt_cv_path_NM='/usr/bin/nm -B'
lt_cv_path_SED=/bin/sed
lt_cv_prog_compiler_c_o=yes
lt_cv_prog_compiler_c_o_CXX=yes
lt_cv_prog_compiler_pic_works=yes
lt_cv_prog_compiler_pic_works_CXX=yes
lt_cv_prog_compiler_rtti_exceptions=no
lt_cv_prog_compiler_static_works=yes
lt_cv_prog_compiler_static_works_CXX=yes
lt_cv_prog_gnu_ld=yes
lt_cv_prog_gnu_ldcxx=yes
lt_cv_sys_global_symbol_pipe='sed -n -e '\''s/^.*[ 	]\([ABCDGIRSTW][ABCDGIRSTW]*\)[ 	][ 	]*\([_A-Za-z][_A-Za-z0-9]*\)$/\1 \2 \2/p'\'''
lt_cv_sys_global_symbol_to_c_name_address='sed -n -e '\''s/^: \([^ ]*\) $/  {\"\1\", (lt_ptr) 0},/p'\'' -e '\''s/^[BCDEGRST] \([^ ]*\) \([^ ]*\)$/  {"\2", (lt_ptr) \&\2},/p'\'''
lt_cv_sys_global_symbol_to_cdecl='sed -n -e '\''s/^. .* \(.*\)$/extern int \1;/p'\'''
lt_cv_sys_lib_dlsearch_path_spec='/lib /usr/lib /usr/lib/x86_64-linux-gnu/libfakeroot /usr/local/lib /lib/x86_64-linux-gnu /usr/lib/x86_64-linux-gnu '
lt_cv_sys_lib_search_path_spec='/usr/lib/gcc/x86_64-linux-gnu/6 /usr/lib/x86_64-linux-gnu /usr/lib /lib/x86_64-linux-gnu /lib'
lt_cv_sys_max_cmd_len=1572864
lt_lt_cv_prog_compiler_c_o='"yes"'
lt_lt_cv_prog_compiler_c_o_CXX='"yes"'
lt_lt_cv_sys_global_symbol_pipe='"sed -n -e '\''s/^.*[ 	]\\([ABCDGIRSTW][ABCDGIRSTW]*\\)[ 	][ 	]*\\([_A-Za-z][_A-Za-z0-9]*\\)\$/\\1 \\2 \\2/p'\''"'
lt_lt_cv_sys_global_symbol_to_c_name_address='"sed -n -e '\''s/^: \\([^ ]*\\) \$/  {\\\"\\1\\\", (lt_ptr) 0},/p'\'' -e '\''s/^[BCDEGRST] \\([^ ]*\\) \\([^ ]*\\)\$/  {\"\\2\", (lt_ptr) \\&\\2},/p'\''"'
lt_lt_cv_sys_global_symbol_to_cdecl='"sed -n -e '\''s/^. .* \\(.*\\)\$/extern int \\1;/p'\''"'

## ----------------- ##
## Output variables. ##
## ----------------- ##

ACLOCAL='aclocal-1.7'
AMDEPBACKSLASH='\'
AMDEP_FALSE='#'
AMDEP_TRUE=''
AMTAR='tar'
AR='ar'
AUTOCONF='autoconf'
AUTOHEADER='autoheader'
AUTOMAKE='automake-1.7'
AWK='mawk'
CC='gcc'
CCDEPMODE='depmode=gcc3'
CFLAGS='-g -O2'
CPP='gcc -E'
CPPFLAGS=''
CXX='g++'
CXXCPP='g++ -E'
CXXDEPMODE='depmode=gcc3'
CXXFLAGS='-g -O2'
CYGPATH_W='echo'
DEFS='-DPACKAGE_NAME=\"\" -DPACKAGE_TARNAME=\"\" -DPACKAGE_VERSION=\"\" -DPACKAGE_STRING=\"\" -DPACKAGE_BUGREPORT=\"\" -DPACKAGE=\"adtool\" -DVERSION=\"1.3.3\" -DSTDC_HEADERS=1 -DHAVE_SYS_TYPES_H=1 -DHAVE_SYS_STAT_H=1 -DHAVE_STDLIB_H=1 -DHAVE_STRING_H=1 -DHAVE_MEMORY_H=1 -DHAVE_STRINGS_H=1 -DHAVE_INTTYPES_H=1 -DHAVE_STDINT_H=1 -DHAVE_UNISTD_H=1 -DHAVE_DLFCN_H=1 -DHAVE_FCNTL_H=1 -DHAVE_STDLIB_H=1 -DHAVE_STRING_H=1 -DHAVE_STDLIB_H=1 -DHAVE_MALLOC=1 -DHAVE_MEMSET=1 -DHAVE_STRDUP=1'
DEPDIR='.deps'
DSYMUTIL=''
ECHO='echo'
ECHO_C=''
ECHO_N='-n'
ECHO_T=''
EGREP='/bin/grep -E'
EXEEXT=''
F77=''
FFLAGS=''
GREP='/bin/grep'
INSTALL_DATA='${INSTALL} -m 644'
INSTALL_PROGRAM='${INSTALL}'
INSTALL_SCRIPT='${INSTALL}'
INSTALL_STRIP_PROGRAM='${SHELL} $(install_sh) -c -s'
LDFLAGS=''
LIBOBJS=''
LIBS=''
LIBTOOL='$(SHELL) $(top_builddir)/libtool'
LN_S='ln -s'
LTLIBOBJS=''
MAKEINFO='makeinfo'
NMEDIT=''
OBJEXT='o'
PACKAGE='adtool'
PACKAGE_BUGREPORT=''
PACKAGE_NAME=''
PACKAGE_STRING=''
PACKAGE_TARNAME=''
PACKAGE_VERSION=''
PATH_SEPARATOR=':'
RANLIB='ranlib'
SED='/bin/sed'
SET_MAKE=''
SHELL='/bin/bash'
STRIP='strip'
VERSION='1.3.3'
ac_ct_CC='gcc'
ac_ct_CXX='g++'
ac_ct_F77=''
am__fastdepCC_FALSE='#'
am__fastdepCC_TRUE=''
am__fastdepCXX_FALSE='#'
am__fastdepCXX_TRUE=''
am__include='include'
am__leading_dot='.'
am__quote=''
bindir='${exec_prefix}/bin'
build='x86_64-unknown-linux-gnu'
build_alias=''
build_cpu='x86_64'
build_os='linux-gnu'
build_vendor='unknown'
datadir='${datarootdir}'
datarootdir='${prefix}/share'
docdir='${datarootdir}/doc/${PACKAGE}'
dvidir='${docdir}'
exec_prefix='${prefix}'
host='x86_64-unknown-linux-gnu'
host_alias=''
host_cpu='x86_64'
host_os='linux-gnu'
host_vendor='unknown'
htmldir='${docdir}'
includedir='${prefix}/include'
infodir='${datarootdir}/info'
install_sh='/usr/src/adtool-1.3.3/install-sh'
libdir='${exec_prefix}/lib'
libexecdir='${exec_prefix}/libexec'
localedir='${datarootdir}/locale'
localstatedir='${prefix}/var'
mandir='${datarootdir}/man'
oldincludedir='/usr/include'
pdfdir='${docdir}'
prefix='/usr/local'
program_transform_name='s,x,x,'
psdir='${docdir}'
sbindir='${exec_prefix}/sbin'
sharedstatedir='${prefix}/com'
sysconfdir='${prefix}/etc'
target_alias=''

## ----------- ##
## confdefs.h. ##
## ----------- ##

#define PACKAGE_NAME ""
#define PACKAGE_TARNAME ""
#define PACKAGE_VERSION ""
#define PACKAGE_STRING ""
#define PACKAGE_BUGREPORT ""
#define PACKAGE "adtool"
#define VERSION "1.3.3"
#define STDC_HEADERS 1
#define HAVE_SYS_TYPES_H 1
#define HAVE_SYS_STAT_H 1
#define HAVE_STDLIB_H 1
#define HAVE_STRING_H 1
#define HAVE_MEMORY_H 1
#define HAVE_STRINGS_H 1
#define HAVE_INTTYPES_H 1
#define HAVE_STDINT_H 1
#define HAVE_UNISTD_H 1
#define HAVE_DLFCN_H 1
#define HAVE_FCNTL_H 1
#define HAVE_STDLIB_H 1
#define HAVE_STRING_H 1
#define HAVE_STDLIB_H 1
#define HAVE_MALLOC 1
#define HAVE_MEMSET 1
#define HAVE_STRDUP 1

configure: exit 0
